Build started 10/01/2015 19:44:36.
     1>Project "c:\Users\Stephen\documents\visual studio 2013\Projects\GraphicsProject\Fountain3D\Fountain3D.vcxproj" on node 2 (Build target(s)).
     1>ClCompile:
         C:\Program Files (x86)\Microsoft Visual Studio 12.0\VC\bin\CL.exe /c /I"c:\users\stephen\documents\visual studio 2013\Projects\GraphicsProject\\include" /I"c:\Users\Stephen\documents\visual studio 2013\Projects\GraphicsProject\Fountain3D\\" /I"c:\users\stephen\documents\visual studio 2013\Projects\GraphicsProject\\libs\irrklang32bit\irrKlang-1.5.0\include\\" /ZI /nologo /W3 /WX- /sdl /Od /Oy- /D _MBCS /Gm /EHsc /RTC1 /MDd /GS /fp:precise /Zc:wchar_t /Zc:forScope /Fo"Debug\\" /Fd"Debug\vc120.pdb" /Gd /TP /analyze- /errorReport:prompt main.cpp
         main.cpp
     1>c:\users\stephen\documents\visual studio 2013\projects\graphicsproject\fountain3d\main.cpp(174): warning C4244: 'initializing' : conversion from 'double' to 'float', possible loss of data
     1>c:\users\stephen\documents\visual studio 2013\projects\graphicsproject\fountain3d\main.cpp(176): warning C4244: 'initializing' : conversion from 'double' to 'float', possible loss of data
     1>c:\users\stephen\documents\visual studio 2013\projects\graphicsproject\fountain3d\main.cpp(177): warning C4244: 'initializing' : conversion from 'double' to 'float', possible loss of data
     1>c:\users\stephen\documents\visual studio 2013\projects\graphicsproject\fountain3d\main.cpp(460): warning C4244: 'initializing' : conversion from 'int' to 'float', possible loss of data
     1>c:\users\stephen\documents\visual studio 2013\projects\graphicsproject\fountain3d\main.cpp(462): warning C4244: 'initializing' : conversion from 'int' to 'float', possible loss of data
     1>c:\users\stephen\documents\visual studio 2013\projects\graphicsproject\fountain3d\main.cpp(469): warning C4018: '<' : signed/unsigned mismatch
     1>c:\users\stephen\documents\visual studio 2013\projects\graphicsproject\fountain3d\main.cpp(475): warning C4018: '<' : signed/unsigned mismatch
     1>c:\users\stephen\documents\visual studio 2013\projects\graphicsproject\fountain3d\main.cpp(478): warning C4244: 'argument' : conversion from 'int' to 'float', possible loss of data
     1>c:\users\stephen\documents\visual studio 2013\projects\graphicsproject\fountain3d\main.cpp(482): warning C4018: '<' : signed/unsigned mismatch
     1>c:\users\stephen\documents\visual studio 2013\projects\graphicsproject\fountain3d\main.cpp(514): warning C4018: '<' : signed/unsigned mismatch
     1>c:\users\stephen\documents\visual studio 2013\projects\graphicsproject\fountain3d\main.cpp(521): warning C4018: '<' : signed/unsigned mismatch
     1>c:\users\stephen\documents\visual studio 2013\projects\graphicsproject\fountain3d\main.cpp(538): warning C4018: '<' : signed/unsigned mismatch
     1>c:\users\stephen\documents\visual studio 2013\projects\graphicsproject\fountain3d\main.cpp(549): warning C4018: '<' : signed/unsigned mismatch
     1>c:\users\stephen\documents\visual studio 2013\projects\graphicsproject\fountain3d\main.cpp(568): warning C4018: '<' : signed/unsigned mismatch
     1>c:\users\stephen\documents\visual studio 2013\projects\graphicsproject\fountain3d\main.cpp(570): warning C4244: 'argument' : conversion from 'int' to 'float', possible loss of data
     1>c:\users\stephen\documents\visual studio 2013\projects\graphicsproject\fountain3d\main.cpp(574): warning C4018: '<' : signed/unsigned mismatch
     1>c:\users\stephen\documents\visual studio 2013\projects\graphicsproject\fountain3d\main.cpp(587): warning C4018: '<' : signed/unsigned mismatch
     1>c:\users\stephen\documents\visual studio 2013\projects\graphicsproject\fountain3d\main.cpp(589): warning C4244: 'argument' : conversion from 'int' to 'float', possible loss of data
     1>c:\users\stephen\documents\visual studio 2013\projects\graphicsproject\fountain3d\main.cpp(593): warning C4018: '<' : signed/unsigned mismatch
     1>c:\users\stephen\documents\visual studio 2013\projects\graphicsproject\fountain3d\main.cpp(607): warning C4305: 'argument' : truncation from 'double' to 'float'
     1>c:\users\stephen\documents\visual studio 2013\projects\graphicsproject\fountain3d\main.cpp(614): warning C4305: 'argument' : truncation from 'double' to 'float'
     1>c:\users\stephen\documents\visual studio 2013\projects\graphicsproject\fountain3d\main.cpp(628): warning C4018: '<' : signed/unsigned mismatch
     1>c:\users\stephen\documents\visual studio 2013\projects\graphicsproject\fountain3d\main.cpp(631): warning C4018: '<' : signed/unsigned mismatch
     1>c:\users\stephen\documents\visual studio 2013\projects\graphicsproject\fountain3d\main.cpp(693): warning C4018: '<' : signed/unsigned mismatch
     1>c:\users\stephen\documents\visual studio 2013\projects\graphicsproject\fountain3d\main.cpp(696): warning C4018: '<' : signed/unsigned mismatch
     1>c:\users\stephen\documents\visual studio 2013\projects\graphicsproject\fountain3d\main.cpp(720): warning C4018: '<' : signed/unsigned mismatch
     1>c:\users\stephen\documents\visual studio 2013\projects\graphicsproject\fountain3d\main.cpp(724): warning C4018: '<' : signed/unsigned mismatch
     1>c:\users\stephen\documents\visual studio 2013\projects\graphicsproject\fountain3d\main.cpp(929): warning C4018: '<' : signed/unsigned mismatch
     1>c:\users\stephen\documents\visual studio 2013\projects\graphicsproject\fountain3d\main.cpp(935): warning C4018: '<' : signed/unsigned mismatch
     1>c:\users\stephen\documents\visual studio 2013\projects\graphicsproject\fountain3d\main.cpp(941): warning C4018: '<' : signed/unsigned mismatch
     1>c:\users\stephen\documents\visual studio 2013\projects\graphicsproject\fountain3d\main.cpp(948): warning C4018: '<' : signed/unsigned mismatch
     1>c:\users\stephen\documents\visual studio 2013\projects\graphicsproject\fountain3d\main.cpp(954): warning C4018: '<' : signed/unsigned mismatch
     1>c:\users\stephen\documents\visual studio 2013\projects\graphicsproject\fountain3d\main.cpp(960): warning C4018: '<' : signed/unsigned mismatch
     1>c:\users\stephen\documents\visual studio 2013\projects\graphicsproject\fountain3d\main.cpp(962): warning C4244: 'argument' : conversion from 'double' to 'float', possible loss of data
     1>c:\users\stephen\documents\visual studio 2013\projects\graphicsproject\fountain3d\main.cpp(963): warning C4305: 'argument' : truncation from 'double' to 'float'
     1>c:\users\stephen\documents\visual studio 2013\projects\graphicsproject\fountain3d\main.cpp(976): warning C4244: 'argument' : conversion from 'double' to 'float', possible loss of data
     1>c:\users\stephen\documents\visual studio 2013\projects\graphicsproject\fountain3d\main.cpp(979): warning C4244: 'argument' : conversion from 'double' to 'float', possible loss of data
     1>c:\users\stephen\documents\visual studio 2013\projects\graphicsproject\fountain3d\main.cpp(988): warning C4018: '<' : signed/unsigned mismatch
     1>c:\users\stephen\documents\visual studio 2013\projects\graphicsproject\fountain3d\main.cpp(992): warning C4018: '<' : signed/unsigned mismatch
     1>c:\users\stephen\documents\visual studio 2013\projects\graphicsproject\fountain3d\main.cpp(1004): warning C4244: 'argument' : conversion from 'double' to 'float', possible loss of data
     1>c:\users\stephen\documents\visual studio 2013\projects\graphicsproject\fountain3d\main.cpp(1071): warning C4244: '-=' : conversion from 'double' to 'float', possible loss of data
     1>c:\users\stephen\documents\visual studio 2013\projects\graphicsproject\fountain3d\main.cpp(1076): warning C4244: '+=' : conversion from 'double' to 'float', possible loss of data
     1>c:\users\stephen\documents\visual studio 2013\projects\graphicsproject\fountain3d\main.cpp(1081): warning C4244: '-=' : conversion from 'double' to 'float', possible loss of data
     1>c:\users\stephen\documents\visual studio 2013\projects\graphicsproject\fountain3d\main.cpp(1086): warning C4244: '+=' : conversion from 'double' to 'float', possible loss of data
     1>c:\users\stephen\documents\visual studio 2013\projects\graphicsproject\fountain3d\main.cpp(1091): warning C4244: '+=' : conversion from 'double' to 'float', possible loss of data
     1>c:\users\stephen\documents\visual studio 2013\projects\graphicsproject\fountain3d\main.cpp(1097): warning C4244: '-=' : conversion from 'double' to 'float', possible loss of data
     1>c:\users\stephen\documents\visual studio 2013\projects\graphicsproject\fountain3d\main.cpp(1103): warning C4244: '+=' : conversion from 'double' to 'float', possible loss of data
     1>c:\users\stephen\documents\visual studio 2013\projects\graphicsproject\fountain3d\main.cpp(1111): warning C4244: '-=' : conversion from 'double' to 'float', possible loss of data
     1>c:\users\stephen\documents\visual studio 2013\projects\graphicsproject\fountain3d\main.cpp(1139): warning C4018: '<' : signed/unsigned mismatch
     1>c:\users\stephen\documents\visual studio 2013\projects\graphicsproject\fountain3d\main.cpp(1156): warning C4018: '<' : signed/unsigned mismatch
     1>c:\users\stephen\documents\visual studio 2013\projects\graphicsproject\fountain3d\main.cpp(1163): warning C4018: '<' : signed/unsigned mismatch
     1>c:\users\stephen\documents\visual studio 2013\projects\graphicsproject\fountain3d\main.cpp(1194): warning C4018: '<' : signed/unsigned mismatch
     1>c:\users\stephen\documents\visual studio 2013\projects\graphicsproject\fountain3d\main.cpp(1217): warning C4018: '<' : signed/unsigned mismatch
     1>c:\users\stephen\documents\visual studio 2013\projects\graphicsproject\fountain3d\main.cpp(1224): warning C4018: '<' : signed/unsigned mismatch
     1>c:\users\stephen\documents\visual studio 2013\projects\graphicsproject\fountain3d\main.cpp(1255): warning C4018: '<' : signed/unsigned mismatch
     1>c:\users\stephen\documents\visual studio 2013\projects\graphicsproject\fountain3d\main.cpp(424): warning C4101: 'wall1_tex' : unreferenced local variable
       Link:
         C:\Program Files (x86)\Microsoft Visual Studio 12.0\VC\bin\link.exe /ERRORREPORT:PROMPT /OUT:"c:\users\stephen\documents\visual studio 2013\Projects\GraphicsProject\Debug\Fountain3D.exe" /INCREMENTAL /NOLOGO /LIBPATH:"c:\users\stephen\documents\visual studio 2013\Projects\GraphicsProject\\libs\win32\\" /LIBPATH:"c:\users\stephen\documents\visual studio 2013\Projects\GraphicsProject\\libs\irrklang32bit\irrKlang-1.5.0\lib\Win32-visualStudio\\" irrKlang.lib glfw3.lib glew32.lib opengl32.lib kernel32.lib user32.lib gdi32.lib winspool.lib comdlg32.lib advapi32.lib shell32.lib ole32.lib oleaut32.lib uuid.lib odbc32.lib odbccp32.lib kernel32.lib user32.lib gdi32.lib winspool.lib comdlg32.lib advapi32.lib shell32.lib ole32.lib oleaut32.lib uuid.lib odbc32.lib odbccp32.lib /MANIFEST /MANIFESTUAC:"level='asInvoker' uiAccess='false'" /manifest:embed /DEBUG /PDB:"c:\users\stephen\documents\visual studio 2013\Projects\GraphicsProject\Debug\Fountain3D.pdb" /TLBID:1 /DYNAMICBASE /NXCOMPAT /IMPLIB:"c:\users\stephen\documents\visual studio 2013\Projects\GraphicsProject\Debug\Fountain3D.lib" /MACHINE:X86 Debug\CollisionBox.obj
         Debug\Entity.obj
         Debug\gl_utils.obj
         Debug\main.obj
         Debug\maths_funcs.obj
         Debug\Mesh.obj
         Debug\obj_parser.obj
         Debug\Particle.obj
     1>LINK : warning LNK4098: defaultlib 'MSVCRT' conflicts with use of other libs; use /NODEFAULTLIB:library
         Fountain3D.vcxproj -> c:\users\stephen\documents\visual studio 2013\Projects\GraphicsProject\Debug\Fountain3D.exe
     1>Done Building Project "c:\Users\Stephen\documents\visual studio 2013\Projects\GraphicsProject\Fountain3D\Fountain3D.vcxproj" (Build target(s)).

Build succeeded.

Time Elapsed 00:00:04.18
