creating shader from shader.vert...
shader compiled. index 1
creating shader from shader.frag...
shader compiled. index 2
created programme 3. attaching shaders 1 and 2...
program 3 GL_VALIDATE_STATUS = GL_TRUE
creating shader from collision.vert...
shader compiled. index 4
creating shader from collision.frag...
shader compiled. index 5
created programme 6. attaching shaders 4 and 5...
program 6 GL_VALIDATE_STATUS = GL_TRUE
creating shader from torch.vert...
shader compiled. index 7
creating shader from torch.frag...
shader compiled. index 8
created programme 9. attaching shaders 7 and 8...
program 9 GL_VALIDATE_STATUS = GL_TRUE
creating shader from particle.vert...
shader compiled. index 10
creating shader from particle.frag...
shader compiled. index 11
created programme 12. attaching shaders 10 and 11...
program 12 GL_VALIDATE_STATUS = GL_TRUE
creating shader from water.vert...
shader compiled. index 13
creating shader from water.frag...
shader compiled. index 14
created programme 15. attaching shaders 13 and 14...
program 15 GL_VALIDATE_STATUS = GL_TRUE
creating shader from black.vert...
shader compiled. index 16
creating shader from black.frag...
shader compiled. index 17
created programme 18. attaching shaders 16 and 17...
program 18 GL_VALIDATE_STATUS = GL_TRUE
creating shader from white_arm.vert...
shader compiled. index 19
creating shader from white_arm.frag...
shader compiled. index 20
created programme 21. attaching shaders 19 and 20...
program 21 GL_VALIDATE_STATUS = GL_TRUE
creating shader from shader.vert...
shader compiled. index 1
creating shader from shader.frag...
shader compiled. index 2
created programme 3. attaching shaders 1 and 2...
program 3 GL_VALIDATE_STATUS = GL_TRUE
creating shader from collision.vert...
shader compiled. index 4
creating shader from collision.frag...
shader compiled. index 5
created programme 6. attaching shaders 4 and 5...
program 6 GL_VALIDATE_STATUS = GL_TRUE
creating shader from torch.vert...
shader compiled. index 7
creating shader from torch.frag...
shader compiled. index 8
created programme 9. attaching shaders 7 and 8...
program 9 GL_VALIDATE_STATUS = GL_TRUE
creating shader from particle.vert...
shader compiled. index 10
creating shader from particle.frag...
shader compiled. index 11
created programme 12. attaching shaders 10 and 11...
program 12 GL_VALIDATE_STATUS = GL_TRUE
creating shader from water.vert...
shader compiled. index 13
creating shader from water.frag...
shader compiled. index 14
created programme 15. attaching shaders 13 and 14...
program 15 GL_VALIDATE_STATUS = GL_TRUE
creating shader from black.vert...
shader compiled. index 16
creating shader from black.frag...
shader compiled. index 17
created programme 18. attaching shaders 16 and 17...
program 18 GL_VALIDATE_STATUS = GL_TRUE
creating shader from white_arm.vert...
shader compiled. index 19
creating shader from white_arm.frag...
shader compiled. index 20
created programme 21. attaching shaders 19 and 20...
program 21 GL_VALIDATE_STATUS = GL_TRUE
creating shader from shader.vert...
shader compiled. index 1
creating shader from shader.frag...
shader compiled. index 2
created programme 3. attaching shaders 1 and 2...
program 3 GL_VALIDATE_STATUS = GL_TRUE
creating shader from collision.vert...
shader compiled. index 4
creating shader from collision.frag...
shader compiled. index 5
created programme 6. attaching shaders 4 and 5...
program 6 GL_VALIDATE_STATUS = GL_TRUE
creating shader from torch.vert...
shader compiled. index 7
creating shader from torch.frag...
shader compiled. index 8
created programme 9. attaching shaders 7 and 8...
program 9 GL_VALIDATE_STATUS = GL_TRUE
creating shader from particle.vert...
shader compiled. index 10
creating shader from particle.frag...
shader compiled. index 11
created programme 12. attaching shaders 10 and 11...
program 12 GL_VALIDATE_STATUS = GL_TRUE
creating shader from water.vert...
shader compiled. index 13
creating shader from water.frag...
shader compiled. index 14
created programme 15. attaching shaders 13 and 14...
program 15 GL_VALIDATE_STATUS = GL_TRUE
creating shader from black.vert...
shader compiled. index 16
creating shader from black.frag...
shader compiled. index 17
created programme 18. attaching shaders 16 and 17...
program 18 GL_VALIDATE_STATUS = GL_TRUE
creating shader from white_arm.vert...
shader compiled. index 19
creating shader from white_arm.frag...
shader compiled. index 20
created programme 21. attaching shaders 19 and 20...
program 21 GL_VALIDATE_STATUS = GL_TRUE
creating shader from shader.vert...
shader compiled. index 1
creating shader from shader.frag...
shader compiled. index 2
created programme 3. attaching shaders 1 and 2...
program 3 GL_VALIDATE_STATUS = GL_TRUE
creating shader from collision.vert...
shader compiled. index 4
creating shader from collision.frag...
shader compiled. index 5
created programme 6. attaching shaders 4 and 5...
program 6 GL_VALIDATE_STATUS = GL_TRUE
creating shader from torch.vert...
shader compiled. index 7
creating shader from torch.frag...
shader compiled. index 8
created programme 9. attaching shaders 7 and 8...
program 9 GL_VALIDATE_STATUS = GL_TRUE
creating shader from particle.vert...
shader compiled. index 10
creating shader from particle.frag...
shader compiled. index 11
created programme 12. attaching shaders 10 and 11...
program 12 GL_VALIDATE_STATUS = GL_TRUE
creating shader from water.vert...
shader compiled. index 13
creating shader from water.frag...
shader compiled. index 14
created programme 15. attaching shaders 13 and 14...
program 15 GL_VALIDATE_STATUS = GL_TRUE
creating shader from black.vert...
shader compiled. index 16
creating shader from black.frag...
shader compiled. index 17
created programme 18. attaching shaders 16 and 17...
program 18 GL_VALIDATE_STATUS = GL_TRUE
creating shader from white_arm.vert...
shader compiled. index 19
creating shader from white_arm.frag...
shader compiled. index 20
created programme 21. attaching shaders 19 and 20...
program 21 GL_VALIDATE_STATUS = GL_TRUE
creating shader from shader.vert...
shader compiled. index 1
creating shader from shader.frag...
shader compiled. index 2
created programme 3. attaching shaders 1 and 2...
program 3 GL_VALIDATE_STATUS = GL_TRUE
creating shader from collision.vert...
shader compiled. index 4
creating shader from collision.frag...
shader compiled. index 5
created programme 6. attaching shaders 4 and 5...
program 6 GL_VALIDATE_STATUS = GL_TRUE
creating shader from torch.vert...
shader compiled. index 7
creating shader from torch.frag...
shader compiled. index 8
created programme 9. attaching shaders 7 and 8...
program 9 GL_VALIDATE_STATUS = GL_TRUE
creating shader from particle.vert...
shader compiled. index 10
creating shader from particle.frag...
shader compiled. index 11
created programme 12. attaching shaders 10 and 11...
program 12 GL_VALIDATE_STATUS = GL_TRUE
creating shader from water.vert...
shader compiled. index 13
creating shader from water.frag...
shader compiled. index 14
created programme 15. attaching shaders 13 and 14...
program 15 GL_VALIDATE_STATUS = GL_TRUE
creating shader from black.vert...
shader compiled. index 16
creating shader from black.frag...
shader compiled. index 17
created programme 18. attaching shaders 16 and 17...
program 18 GL_VALIDATE_STATUS = GL_TRUE
creating shader from white_arm.vert...
shader compiled. index 19
creating shader from white_arm.frag...
shader compiled. index 20
created programme 21. attaching shaders 19 and 20...
program 21 GL_VALIDATE_STATUS = GL_TRUE
creating shader from shader.vert...
shader compiled. index 1
creating shader from shader.frag...
shader compiled. index 2
created programme 3. attaching shaders 1 and 2...
program 3 GL_VALIDATE_STATUS = GL_TRUE
creating shader from collision.vert...
shader compiled. index 4
creating shader from collision.frag...
shader compiled. index 5
created programme 6. attaching shaders 4 and 5...
program 6 GL_VALIDATE_STATUS = GL_TRUE
creating shader from torch.vert...
shader compiled. index 7
creating shader from torch.frag...
shader compiled. index 8
created programme 9. attaching shaders 7 and 8...
program 9 GL_VALIDATE_STATUS = GL_TRUE
creating shader from particle.vert...
shader compiled. index 10
creating shader from particle.frag...
shader compiled. index 11
created programme 12. attaching shaders 10 and 11...
program 12 GL_VALIDATE_STATUS = GL_TRUE
creating shader from water.vert...
shader compiled. index 13
creating shader from water.frag...
shader compiled. index 14
created programme 15. attaching shaders 13 and 14...
program 15 GL_VALIDATE_STATUS = GL_TRUE
creating shader from black.vert...
shader compiled. index 16
creating shader from black.frag...
shader compiled. index 17
created programme 18. attaching shaders 16 and 17...
program 18 GL_VALIDATE_STATUS = GL_TRUE
creating shader from white_arm.vert...
shader compiled. index 19
creating shader from white_arm.frag...
shader compiled. index 20
created programme 21. attaching shaders 19 and 20...
program 21 GL_VALIDATE_STATUS = GL_TRUE
creating shader from shader.vert...
shader compiled. index 1
creating shader from shader.frag...
shader compiled. index 2
created programme 3. attaching shaders 1 and 2...
program 3 GL_VALIDATE_STATUS = GL_TRUE
creating shader from collision.vert...
shader compiled. index 4
creating shader from collision.frag...
shader compiled. index 5
created programme 6. attaching shaders 4 and 5...
program 6 GL_VALIDATE_STATUS = GL_TRUE
creating shader from torch.vert...
shader compiled. index 7
creating shader from torch.frag...
shader compiled. index 8
created programme 9. attaching shaders 7 and 8...
program 9 GL_VALIDATE_STATUS = GL_TRUE
creating shader from particle.vert...
shader compiled. index 10
creating shader from particle.frag...
shader compiled. index 11
created programme 12. attaching shaders 10 and 11...
program 12 GL_VALIDATE_STATUS = GL_TRUE
creating shader from water.vert...
shader compiled. index 13
creating shader from water.frag...
shader compiled. index 14
created programme 15. attaching shaders 13 and 14...
program 15 GL_VALIDATE_STATUS = GL_TRUE
creating shader from black.vert...
shader compiled. index 16
creating shader from black.frag...
shader compiled. index 17
created programme 18. attaching shaders 16 and 17...
program 18 GL_VALIDATE_STATUS = GL_TRUE
creating shader from white_arm.vert...
shader compiled. index 19
creating shader from white_arm.frag...
shader compiled. index 20
created programme 21. attaching shaders 19 and 20...
program 21 GL_VALIDATE_STATUS = GL_TRUE
creating shader from shader.vert...
shader compiled. index 1
creating shader from shader.frag...
shader compiled. index 2
created programme 3. attaching shaders 1 and 2...
program 3 GL_VALIDATE_STATUS = GL_TRUE
creating shader from collision.vert...
shader compiled. index 4
creating shader from collision.frag...
shader compiled. index 5
created programme 6. attaching shaders 4 and 5...
program 6 GL_VALIDATE_STATUS = GL_TRUE
creating shader from torch.vert...
shader compiled. index 7
creating shader from torch.frag...
shader compiled. index 8
created programme 9. attaching shaders 7 and 8...
program 9 GL_VALIDATE_STATUS = GL_TRUE
creating shader from particle.vert...
shader compiled. index 10
creating shader from particle.frag...
shader compiled. index 11
created programme 12. attaching shaders 10 and 11...
program 12 GL_VALIDATE_STATUS = GL_TRUE
creating shader from water.vert...
shader compiled. index 13
creating shader from water.frag...
shader compiled. index 14
created programme 15. attaching shaders 13 and 14...
program 15 GL_VALIDATE_STATUS = GL_TRUE
creating shader from black.vert...
shader compiled. index 16
creating shader from black.frag...
shader compiled. index 17
created programme 18. attaching shaders 16 and 17...
program 18 GL_VALIDATE_STATUS = GL_TRUE
creating shader from white_arm.vert...
shader compiled. index 19
creating shader from white_arm.frag...
shader compiled. index 20
created programme 21. attaching shaders 19 and 20...
program 21 GL_VALIDATE_STATUS = GL_TRUE
creating shader from shader.vert...
shader compiled. index 1
creating shader from shader.frag...
shader compiled. index 2
created programme 3. attaching shaders 1 and 2...
program 3 GL_VALIDATE_STATUS = GL_TRUE
creating shader from collision.vert...
shader compiled. index 4
creating shader from collision.frag...
shader compiled. index 5
created programme 6. attaching shaders 4 and 5...
program 6 GL_VALIDATE_STATUS = GL_TRUE
creating shader from torch.vert...
shader compiled. index 7
creating shader from torch.frag...
shader compiled. index 8
created programme 9. attaching shaders 7 and 8...
program 9 GL_VALIDATE_STATUS = GL_TRUE
creating shader from particle.vert...
shader compiled. index 10
creating shader from particle.frag...
shader compiled. index 11
created programme 12. attaching shaders 10 and 11...
program 12 GL_VALIDATE_STATUS = GL_TRUE
creating shader from water.vert...
shader compiled. index 13
creating shader from water.frag...
shader compiled. index 14
created programme 15. attaching shaders 13 and 14...
program 15 GL_VALIDATE_STATUS = GL_TRUE
creating shader from black.vert...
shader compiled. index 16
creating shader from black.frag...
shader compiled. index 17
created programme 18. attaching shaders 16 and 17...
program 18 GL_VALIDATE_STATUS = GL_TRUE
creating shader from white_arm.vert...
shader compiled. index 19
creating shader from white_arm.frag...
shader compiled. index 20
created programme 21. attaching shaders 19 and 20...
program 21 GL_VALIDATE_STATUS = GL_TRUE
creating shader from shader.vert...
shader compiled. index 1
creating shader from shader.frag...
shader compiled. index 2
created programme 3. attaching shaders 1 and 2...
program 3 GL_VALIDATE_STATUS = GL_TRUE
creating shader from collision.vert...
shader compiled. index 4
creating shader from collision.frag...
shader compiled. index 5
created programme 6. attaching shaders 4 and 5...
program 6 GL_VALIDATE_STATUS = GL_TRUE
creating shader from torch.vert...
shader compiled. index 7
creating shader from torch.frag...
shader compiled. index 8
created programme 9. attaching shaders 7 and 8...
program 9 GL_VALIDATE_STATUS = GL_TRUE
creating shader from particle.vert...
shader compiled. index 10
creating shader from particle.frag...
shader compiled. index 11
created programme 12. attaching shaders 10 and 11...
program 12 GL_VALIDATE_STATUS = GL_TRUE
creating shader from water.vert...
shader compiled. index 13
creating shader from water.frag...
shader compiled. index 14
created programme 15. attaching shaders 13 and 14...
program 15 GL_VALIDATE_STATUS = GL_TRUE
creating shader from black.vert...
shader compiled. index 16
creating shader from black.frag...
shader compiled. index 17
created programme 18. attaching shaders 16 and 17...
program 18 GL_VALIDATE_STATUS = GL_TRUE
creating shader from white_arm.vert...
shader compiled. index 19
creating shader from white_arm.frag...
shader compiled. index 20
created programme 21. attaching shaders 19 and 20...
program 21 GL_VALIDATE_STATUS = GL_TRUE
creating shader from shader.vert...
shader compiled. index 1
creating shader from shader.frag...
shader compiled. index 2
created programme 3. attaching shaders 1 and 2...
program 3 GL_VALIDATE_STATUS = GL_TRUE
creating shader from collision.vert...
shader compiled. index 4
creating shader from collision.frag...
shader compiled. index 5
created programme 6. attaching shaders 4 and 5...
program 6 GL_VALIDATE_STATUS = GL_TRUE
creating shader from torch.vert...
shader compiled. index 7
creating shader from torch.frag...
shader compiled. index 8
created programme 9. attaching shaders 7 and 8...
program 9 GL_VALIDATE_STATUS = GL_TRUE
creating shader from particle.vert...
shader compiled. index 10
creating shader from particle.frag...
shader compiled. index 11
created programme 12. attaching shaders 10 and 11...
program 12 GL_VALIDATE_STATUS = GL_TRUE
creating shader from water.vert...
shader compiled. index 13
creating shader from water.frag...
shader compiled. index 14
created programme 15. attaching shaders 13 and 14...
program 15 GL_VALIDATE_STATUS = GL_TRUE
creating shader from black.vert...
shader compiled. index 16
creating shader from black.frag...
shader compiled. index 17
created programme 18. attaching shaders 16 and 17...
program 18 GL_VALIDATE_STATUS = GL_TRUE
creating shader from white_arm.vert...
shader compiled. index 19
creating shader from white_arm.frag...
shader compiled. index 20
created programme 21. attaching shaders 19 and 20...
program 21 GL_VALIDATE_STATUS = GL_TRUE
creating shader from shader.vert...
shader compiled. index 1
creating shader from shader.frag...
shader compiled. index 2
created programme 3. attaching shaders 1 and 2...
program 3 GL_VALIDATE_STATUS = GL_TRUE
creating shader from collision.vert...
shader compiled. index 4
creating shader from collision.frag...
shader compiled. index 5
created programme 6. attaching shaders 4 and 5...
program 6 GL_VALIDATE_STATUS = GL_TRUE
creating shader from torch.vert...
shader compiled. index 7
creating shader from torch.frag...
shader compiled. index 8
created programme 9. attaching shaders 7 and 8...
program 9 GL_VALIDATE_STATUS = GL_TRUE
creating shader from particle.vert...
shader compiled. index 10
creating shader from particle.frag...
shader compiled. index 11
created programme 12. attaching shaders 10 and 11...
program 12 GL_VALIDATE_STATUS = GL_TRUE
creating shader from water.vert...
shader compiled. index 13
creating shader from water.frag...
shader compiled. index 14
created programme 15. attaching shaders 13 and 14...
program 15 GL_VALIDATE_STATUS = GL_TRUE
creating shader from black.vert...
shader compiled. index 16
creating shader from black.frag...
shader compiled. index 17
created programme 18. attaching shaders 16 and 17...
program 18 GL_VALIDATE_STATUS = GL_TRUE
creating shader from white_arm.vert...
shader compiled. index 19
creating shader from white_arm.frag...
shader compiled. index 20
created programme 21. attaching shaders 19 and 20...
program 21 GL_VALIDATE_STATUS = GL_TRUE
creating shader from shader.vert...
shader compiled. index 1
creating shader from shader.frag...
shader compiled. index 2
created programme 3. attaching shaders 1 and 2...
program 3 GL_VALIDATE_STATUS = GL_TRUE
creating shader from collision.vert...
shader compiled. index 4
creating shader from collision.frag...
shader compiled. index 5
created programme 6. attaching shaders 4 and 5...
program 6 GL_VALIDATE_STATUS = GL_TRUE
creating shader from torch.vert...
shader compiled. index 7
creating shader from torch.frag...
shader compiled. index 8
created programme 9. attaching shaders 7 and 8...
program 9 GL_VALIDATE_STATUS = GL_TRUE
creating shader from particle.vert...
shader compiled. index 10
creating shader from particle.frag...
shader compiled. index 11
created programme 12. attaching shaders 10 and 11...
program 12 GL_VALIDATE_STATUS = GL_TRUE
creating shader from water.vert...
shader compiled. index 13
creating shader from water.frag...
shader compiled. index 14
created programme 15. attaching shaders 13 and 14...
program 15 GL_VALIDATE_STATUS = GL_TRUE
creating shader from black.vert...
shader compiled. index 16
creating shader from black.frag...
shader compiled. index 17
created programme 18. attaching shaders 16 and 17...
program 18 GL_VALIDATE_STATUS = GL_TRUE
creating shader from white_arm.vert...
shader compiled. index 19
creating shader from white_arm.frag...
shader compiled. index 20
created programme 21. attaching shaders 19 and 20...
program 21 GL_VALIDATE_STATUS = GL_TRUE
